2025-06-02 12:45:37,814 - INFO - "GET /?state=MdfGSEAhjuOr6uD4Y1aGLPOfA67WY1&code=4/0AUJR-x4dpjyo0Jifu0ByCCfy8I9fze8Xg86cODTdkFycJ0s2Lh1_-pOeBYjRpxyVbybryw&scope=https://www.googleapis.com/auth/photoslibrary.readonly HTTP/1.1" 200 65
2025-06-02 12:45:38,020 - INFO - Starting Google Photos cache build...
2025-06-02 12:45:38,940 - INFO - Found 2 albums
2025-06-02 12:45:38,940 - INFO - Processing album: _LCF _Selecta_RAW
2025-06-02 12:45:39,775 - INFO - Processing album: _LCF _Selecta_LOW
2025-06-02 12:45:41,092 - INFO - Saved cache with 2 albums
2025-06-02 12:45:41,093 - INFO - 
Google Photos Cache Summary:
2025-06-02 12:45:41,093 - INFO - Total albums: 2
2025-06-02 12:45:41,093 - INFO - Total items: 76
2025-06-02 12:45:41,093 - INFO - 
Per-album summary:
2025-06-02 12:45:41,093 - INFO - 
_LCF _Selecta_LOW:
2025-06-02 12:45:41,093 - INFO -   Items: 38
2025-06-02 12:45:41,093 - INFO -   Media types:
2025-06-02 12:45:41,093 - INFO -     image/jpeg: 38
2025-06-02 12:45:41,093 - INFO - 
_LCF _Selecta_RAW:
2025-06-02 12:45:41,093 - INFO -   Items: 38
2025-06-02 12:45:41,093 - INFO -   Media types:
2025-06-02 12:45:41,094 - INFO -     image/jpeg: 38
2025-06-02 12:54:39,702 - INFO - "GET /?state=W9WvBy49ZC8QSKaiOEduAYQB5RLD7U&code=4/0AUJR-x4BPUsqSiy15uXEZodfWh8ZFuluRhc_ui31m-hr6K0T3J-QOpFDQx4JXtnEvQTTJA&scope=https://www.googleapis.com/auth/photoslibrary.readonly HTTP/1.1" 200 65
2025-06-02 12:54:41,029 - INFO - Starting Google Photos cache build...
2025-06-02 12:54:41,890 - INFO - Found 1 albums
2025-06-02 12:54:41,890 - INFO - Processing album: _LCF _Selecta_RAW
2025-06-02 12:54:42,543 - INFO - 
DEBUG - Raw API response for first item:
2025-06-02 12:54:42,543 - INFO - {
  "id": "AIfr0v9969PWUhKTOVr2C8wCTAJyWMPWs4HiEVeLIa43dTrbLcKg6HJmhf2iB_9uBszQK5X3LUVhwQxWd7wf-5vpSU4PliGZ-g",
  "description": "IMG_1849.jpg",
  "productUrl": "https://photos.google.com/lr/album/AIfr0v8Hr25eQI6g_0FbCZjNOE3omm-3VeMn34rZ0eBeiX16mIaW_Gm7f94eqv-wB8XyvxAs43a_/photo/AIfr0v9969PWUhKTOVr2C8wCTAJyWMPWs4HiEVeLIa43dTrbLcKg6HJmhf2iB_9uBszQK5X3LUVhwQxWd7wf-5vpSU4PliGZ-g",
  "baseUrl": "https://lh3.googleusercontent.com/lr/AAJ1LKdhxyLohYzTuahRbH3KT5VP5Fpbhln7iS5ulmmKeOejM2S8-UjTlDbRVrC1IcITVI289gBRM0R9d-Iybq67n15wJmAxWbnmRenQsWUCaq05-0EC_-0jJLxFEEZmL7ph0Ee0wLZayOEJg-CGNHyTfwqoGESiOIBXjcMSCvW3N7fN68QIZZ6FIf67zRP-MLWCMVlzOv1NE9VwFv22iFwhff8pGAtxNf4VqoIQyvnRv4g_OOavrXvi8GfE13TbxGxr_3h81KPEUH7ujyu7_nTvBahrRF1nQ4NSDNQWuavfDhn9duvFyZsyQk3C0722vg8vV597rHckgaLVEgw9lzpYL4Y9EZzoZgkI0chriETdYzPyQH6qsBddqskYs2YnDsEhAuVO5OdN79xKC-0QC6drEGpzxY2S6LI9lpfrhV_XyH7yFcJS0Lh2XX1Igd2_ctKyIj9j7u5SIcwfHiSnLyC_R8AAbUgYtxsarqzhEhbYmjHzAu7HastTeMqvKwlSvnzYNGh8OV90liPimegnIBZFzJ0525lYOCcww5XhAqOBKeGkeg1Faiaf6N6y_tmJIobSTNfDlCulOi4B6AEpHi4fbl42MOQ0iU_KTRgC_KroP2qCZPJDlkMU753xkdhXFyUFQqH9fvL1W-JOsmY1G5lolHJXDKrfFhpbIqACmvrd5z8dm_RQuOg8tVvX7Nkgi-YWKTNLB15TagaJpnynu3-z13YWC_BVDd1glg4sVlSZ2spXBRnUr9CEv_uAhVFHsCw_Dgdu3tMM5jdd3cNf7WSunenLFrgyNO_lj3iFntZOeoraBUPITGErVYuxEiEumeUQfigTaJgQy1XtrGmogVeTFJwWOnWwXuoOvbaQxwi7dg16wuLSl5dBlHoRvRahN-lhShrrh46oXQPInnEGRiDuaoqjfJHlpfCg-56A91ZxFcXT0EhKqL22RD6mYd2Ao_9N9u1SqmXuwYtIMYg05yM36ZvH6JTXdvmSfzMVZuIgdMeZ3rg8L-jbmjvg-fpJV-cTynmMbA0",
  "mimeType": "image/jpeg",
  "mediaMetadata": {
    "creationTime": "2025-06-02T01:11:57.359Z",
    "width": "5184",
    "height": "3456",
    "photo": {}
  },
  "filename": "IMG_1849.jpg"
}
2025-06-02 12:54:42,547 - INFO - Saved cache with 1 albums
2025-06-02 12:54:42,548 - INFO - 
Google Photos Cache Summary:
2025-06-02 12:54:42,548 - INFO - Total albums: 1
2025-06-02 12:54:42,548 - INFO - Total items: 38
2025-06-02 12:54:42,548 - INFO - 
Per-album summary:
2025-06-02 12:54:42,548 - INFO - 
_LCF _Selecta_RAW:
2025-06-02 12:54:42,548 - INFO -   Items: 38
2025-06-02 12:54:42,548 - INFO -   Media types:
2025-06-02 12:54:42,549 - INFO -     image/jpeg: 38
2025-06-02 12:54:42,549 - INFO - 
  Example dates from first item:
2025-06-02 12:54:42,549 - INFO -     creationTime: 2025-06-02T01:11:57.359Z
2025-06-02 12:59:13,709 - INFO - Loaded existing cache with 1 albums
2025-06-02 12:59:18,273 - INFO - "GET /?state=nhhw4C4DYpDrK1KKW9qDtQYkYUKpYy&code=4/0AUJR-x7nx5vCBXrvg28WCyJ3CnbdMV05Jxr-VbcN7IC7CE9ZqpwkVhtbRBQCyW_Y4YptiA&scope=https://www.googleapis.com/auth/photoslibrary.readonly HTTP/1.1" 200 65
2025-06-02 12:59:18,541 - INFO - Starting Google Photos cache build...
2025-06-02 13:00:19,373 - INFO - Found 1372 albums
2025-06-02 13:00:19,373 - INFO - Skipping existing album: _LCF _Selecta_RAW
2025-06-02 13:00:19,374 - INFO - Processing album: _LCF _Selecta_LOW
2025-06-02 13:00:20,214 - INFO - Processing album: 2022-12 LCF Videos
2025-06-02 13:00:21,443 - INFO - Processing album: 2021-09 LCF SetUp Videos
2025-06-02 13:00:22,295 - INFO - Processing album: 2021-11 LCF Stefania
2025-06-02 13:00:23,256 - INFO - Processing album: 2021-09 LCF SetUp
2025-06-02 13:00:24,447 - INFO - Processing album: 2025-05 Notte dei Musei Gianluca 
2025-06-02 13:00:25,237 - INFO - Processing album: 2025-05 Notte dei Musei Drone
2025-06-02 13:00:26,121 - INFO - Processing album: 2025-05 Osaka IG stories
2025-06-02 13:00:28,383 - INFO - Processing album: Sopralluogo Circolo degli Illuminati 
2025-06-02 13:00:29,198 - INFO - Processing album: 2024-12 Fotonica Videos REPORT
2025-06-02 13:00:30,412 - INFO - Processing album: 2024-12 Fotonica 20 Dicembre All
2025-06-02 13:00:31,189 - INFO - Processing album: 2024-12 Fotonica Videos
2025-06-02 13:00:32,599 - INFO - Processing album: 2024-12 Fotonica WS Bambini 14 Dicembre
2025-06-02 13:00:33,292 - INFO - Processing album: 2024-12 Fotonica _Selecta biz
2025-06-02 13:00:34,004 - INFO - Processing album: 2024-12 Fotonica Sofia Videos insta360
2025-06-02 13:00:34,740 - INFO - Processing album: 2024-12 Fotonica Residenza
2025-06-02 13:00:35,935 - INFO - Processing album: 2024-12 Fotonica Residenza Videos
2025-06-02 13:00:36,792 - INFO - Processing album: 2024-12 Fotonica 11 Dicembre
2025-06-02 13:00:37,497 - INFO - Processing album: 2024-12 Fotonica DOME
2025-06-02 13:00:38,836 - INFO - Processing album: 2024-12 Fotonica DOME Drone Videos
2025-06-02 13:00:39,504 - INFO - Processing album: 2024-12 Fotonica DOME Videos
2025-06-02 13:00:40,227 - INFO - Processing album: 2024-12 Fotonica 9 Dicembre
2025-06-02 13:00:40,932 - INFO - Processing album: 2024-12 Fotonica Sofia Videos
2025-06-02 13:00:41,665 - INFO - Processing album: 2024-10 VisualSound Festival DAY 3
2025-06-02 13:00:42,439 - INFO - Processing album: 2024-10 Visual Sound Festival 
2025-06-02 13:00:44,528 - INFO - Processing album: 2024-10 VisualSound Festival DAY 2
2025-06-02 13:00:45,329 - INFO - Processing album: 2024-10 VisualSound Festival DAY 1
2025-06-02 13:00:46,270 - INFO - Processing album: 2024-09 LCF _Selecta
2025-06-02 13:00:47,002 - INFO - Processing album: 2024-09 LCF
2025-06-02 13:00:47,792 - INFO - Processing album: 2024-09 LCF Gerhard
2025-06-02 13:00:48,558 - INFO - Processing album: 2023-12 Fotonica _Selecta
2025-06-02 13:00:49,348 - INFO - Processing album: 2024-04 ElectroKids Cristiano Videos 
2025-06-02 13:00:50,106 - INFO - Processing album: 2024-04 Electrokids Gianluca Immersiva Videos 
2025-06-02 13:00:51,732 - INFO - Processing album: 2024-04 ElectroKids Gianluca Videomapping Videos 
2025-06-02 13:00:52,908 - INFO - Processing album: 2024-04 ElectroKids Ruben
2025-06-02 13:00:54,611 - INFO - Processing album: 2024-04 ElectroKids Ruben Videos 
2025-06-02 13:00:55,398 - INFO - Processing album: 2024-04 Electrokids Gianluca Immersiva
2025-06-02 13:00:56,133 - INFO - Processing album: 2024-04 ElectroKids Gianluca Videomapping
2025-06-02 13:00:56,854 - INFO - Processing album: 2024-04 ElectroKids Jacopo
2025-06-02 13:01:15,301 - INFO - Processing album: 2024-04 ElectroKids Jacopo Videos 
2025-06-02 13:01:17,803 - INFO - Processing album: 2024-04 ElectroKids Gianluca VR
2025-06-02 13:01:38,994 - INFO - Processing album: 2024-04 ElectroKids Gianluca VR Videos 
2025-06-02 13:01:40,150 - INFO - Processing album: 2024-04 Electrokids Gianluca Workshops
2025-06-02 13:01:40,979 - INFO - Processing album: 2022-12 LCF Gianluca
2025-06-02 13:01:42,357 - INFO - Processing album: 2022-12 LCF Grazie
2025-06-02 13:01:43,107 - INFO - Processing album: 2020-10 LCF gianluca
2025-06-02 13:01:47,416 - INFO - Processing album: 2020-10 LCF 12 ott Rob
2025-06-02 13:01:48,113 - INFO - Processing album: 2020-10 LCF _Selecta rob DAY #4 _Selecta
2025-06-02 13:01:48,823 - INFO - Processing album: 2017-09 LCF Press
2025-06-02 13:01:49,541 - INFO - Processing album: 2014-09 LCF Cool79
2025-06-02 13:01:50,351 - INFO - Processing album: 2015-09 LCF Cool 2015-09-05 hi
2025-06-02 13:01:51,015 - INFO - Processing album: 2015-09 LCF Cool 2015-09-07
2025-06-02 13:01:51,747 - INFO - Processing album: 2015-09 LCF Cool 2015-09-07 hi
2025-06-02 13:01:52,440 - INFO - Processing album: 2015-09 LCF Cool 2015-09-09 hi
2025-06-02 13:01:53,103 - INFO - Processing album: 2015-09 LCF Cool 2015-09-11 hi
2025-06-02 13:01:53,786 - INFO - Processing album: 2015-09 LCF _Selecta
2025-06-02 13:01:54,467 - INFO - Processing album: 2020-12 Fotonica VIDEO
2025-06-02 13:01:55,164 - INFO - Processing album: 2021-11 Fotonica VIDEO
2025-06-02 13:01:55,913 - INFO - Processing album: 2021-11 Fotonica TNX
2025-06-02 13:01:56,571 - INFO - Processing album: 2021-11 Fotonica2021-11 Fotonica Selecta
2025-06-02 13:01:57,798 - INFO - Processing album: 2022-11 Fotonica WORKSHOP Foto
2025-06-02 13:01:58,442 - INFO - Processing album: 2020-12 Fotonica day 3 - 18 dic robbi
2025-06-02 13:01:59,300 - INFO - Processing album: 2020-12 Fotonica day 4 - 19 dic
2025-06-02 13:02:00,022 - INFO - Processing album: 2020-12 Fotonica day 4 - 19 dic screenS
2025-06-02 13:02:00,696 - INFO - Processing album: 2020-12 Fotonica ws ableton
2025-06-02 13:02:01,444 - INFO - Processing album: 2020-12 Fotonica ws cinema
2025-06-02 13:02:02,676 - INFO - Processing album: 2020-12 Fotonica ws touch
2025-06-02 13:02:03,341 - INFO - Processing album: 2020-12 Fotonica x press
2025-06-02 13:02:04,044 - INFO - Processing album: 2020-12 Fotonica GRAZIE
2025-06-02 13:02:04,764 - INFO - Processing album: 2020-12 Fotonica day 1 - 11 dic 01-talk
2025-06-02 13:02:05,441 - INFO - Processing album: 2020-12 Fotonica day 1 - 11 dic 02-av-ultravioletto
2025-06-02 13:02:06,115 - INFO - Processing album: 2020-12 Fotonica day 1 - 11 dic 03-av-chana
2025-06-02 13:02:06,778 - INFO - Processing album: 2020-12 Fotonica day 1 - 11 dic 04-vjdjset-ket
2025-06-02 13:02:07,453 - INFO - Processing album: 2020-12 Fotonica day 1 - 11 dic 05-vjdjset-memoli
2025-06-02 13:02:08,114 - INFO - Processing album: 2020-12 Fotonica day 1 - 11 dic _day 1 screen perf
2025-06-02 13:02:08,796 - INFO - Processing album: 2020-12 Fotonica day 1 - 11 dic _mondo
2025-06-02 13:02:09,468 - INFO - Processing album: 2020-12 Fotonica day 16 dic- coldcut
2025-06-02 13:02:10,631 - INFO - Processing album: 2020-12 Fotonica day 16 dic- coldcut robbi
2025-06-02 13:02:11,235 - INFO - Processing album: 2020-12 Fotonica day 2 - 12 dic 01-av-synch
2025-06-02 13:02:11,978 - INFO - Processing album: 2020-12 Fotonica day 2 - 12 dic 02-av-this is not a symptom
2025-06-02 13:02:12,616 - INFO - Processing album: 2020-12 Fotonica day 2 - 12 dic 03-vjdjset-nvs
2025-06-02 13:02:13,264 - INFO - Processing album: 2020-12 Fotonica day 2 - 12 dic 04-vjdjset-vigas
2025-06-02 13:02:14,049 - INFO - Processing album: 2020-12 Fotonica day 2 - 12 dic mondo
2025-06-02 13:02:14,689 - INFO - Processing album: 2020-12 Fotonica day 2 - 12 dic screen perf
2025-06-02 13:02:15,423 - INFO - Processing album: 2020-12 Fotonica day 20 dic
2025-06-02 13:02:16,071 - INFO - Processing album: 2020-12 Fotonica day 20 dic screenS
2025-06-02 13:02:16,809 - INFO - Processing album: 2020-12 Fotonica day 3 - 18 dic
2025-06-02 13:02:17,462 - INFO - Processing album: 2020-12 Fotonica day 3 - 18 dic mondo
2025-06-02 13:02:18,153 - INFO - Processing album: 2020-12 Fotonica day 3 - 18 dic mondo screens
2025-06-02 13:02:18,867 - INFO - Processing album: 2020-12 Fotonica day 3 - 18 dic screens 18
2025-06-02 13:02:19,576 - INFO - Processing album: 2020-12 Fotonica mondo
2025-06-02 13:02:21,875 - INFO - Processing album: 2019-12 Fotonica Selecta best logo_resize
2025-06-02 13:02:23,569 - INFO - Processing album: 2019-12 Fotonica Selecta
2025-06-02 13:02:24,362 - INFO - Processing album: 2019-12 Fotonica Selecta best
2025-06-02 13:02:26,021 - INFO - Processing album: 2019-12 Fotonica installations
2025-06-02 13:02:26,703 - INFO - Processing album: 2019-12 Fotonica lun 02-12 liz
2025-06-02 13:02:27,358 - INFO - Processing album: 2019-12 Fotonica sab 30-11 Selecta
2025-06-02 13:02:28,996 - INFO - Processing album: 2019-12 Fotonica workshop
2025-06-02 13:02:29,761 - INFO - Processing album: 2018-12 Fotonica AV light installations
2025-06-02 13:02:30,469 - INFO - Processing album: 2018-12 Fotonica Selecta
2025-06-02 13:02:31,314 - INFO - Processing album: 2018-12 Fotonica Selecta 2
2025-06-02 13:02:33,189 - INFO - Processing album: 2018-12 Fotonica tnx
2025-06-02 13:02:33,908 - INFO - Processing album: 2018-12 Fotonica 14 ven AntonellA
2025-06-02 13:02:34,573 - INFO - Processing album: 2018-12 Fotonica lectures
2025-06-02 13:02:35,266 - INFO - Processing album: 2017-12 Fotonica IED selecta
2025-06-02 13:02:36,176 - INFO - Processing album: 2017-12 Fotonica 1 dic
2025-06-02 13:02:36,899 - INFO - Processing album: 2017-12 Fotonica Selecta
2025-06-02 13:02:37,703 - INFO - Processing album: 2017-12 Fotonica Selecta rename
2025-06-02 13:02:38,471 - INFO - Processing album: 2017-12 Fotonica dj-vj
2025-06-02 13:02:39,249 - INFO - Processing album: 2017-12 Fotonica exhibit
2025-06-02 13:02:40,052 - INFO - Processing album: _Fotonica Selecta
2025-06-02 13:02:40,791 - INFO - Processing album: 2023-12 Fotonica Drone
2025-06-02 13:02:41,490 - INFO - Processing album: 2023-12 Fotonica Moritz Videos
2025-06-02 13:02:42,657 - INFO - Processing album: 2023-12 FOTONICA Videomapping Drone
2025-06-02 13:02:43,473 - INFO - Processing album: 2023-12 Fotonica Drone VIDEOS
2025-06-02 13:02:44,173 - INFO - Processing album: 2023-12 Fotonica
2025-06-02 13:02:44,941 - INFO - Processing album: 2023-12 Fotonica Accademia Video
2025-06-02 13:02:45,671 - INFO - Processing album: 2023-12 Fotonica Day 1 Videos
2025-06-02 13:02:46,447 - INFO - Processing album: 2023-12 Fotonica Workshop Naba
2025-06-02 13:02:47,150 - INFO - Processing album: 2023-12 Fotonica Workshop Naba Vertical
2025-06-02 13:02:47,792 - INFO - Processing album: 2023-12 Fotonica Spring Attitude Festival
2025-06-02 13:02:48,651 - INFO - Processing album: 2023-12 Fotonica Spring Attitude Festival Videos
2025-06-02 13:02:49,296 - INFO - Processing album: _Fotonica Video Officials VIDEO
2025-06-02 13:02:49,998 - INFO - Processing album: 2022-12 LCF _Selecta Rob
2025-06-02 13:02:50,730 - INFO - Processing album: 2022-12 LCF DAY 4 _Selecta
2025-06-02 13:02:51,603 - INFO - Processing album: 2022-12 LCF DAY 4 Eliza
2025-06-02 13:02:52,448 - INFO - Processing album: 2022-12 LCF _Selecta liz
2025-06-02 13:02:53,255 - INFO - Processing album: 2022-12 LCF DAY 4 Eliza Artists Paraadiso
2025-06-02 13:02:54,099 - INFO - Processing album: 2022-12 LCF _Selecta Liz 2
2025-06-02 13:02:54,733 - INFO - Processing album: 2022-12 LCF DAY 4 Eliza Artists MONOCOLOR
2025-06-02 13:02:55,469 - INFO - Processing album: 2022-12 LCF DAY 4 Eliza Artists Rosario Grieco
2025-06-02 13:02:56,136 - INFO - Processing album: 2022-12 LCF DAY 3 _Selecta
2025-06-02 13:02:57,253 - INFO - Processing album: 2022-12 LCF DAY 3 Eliza
2025-06-02 13:02:58,291 - INFO - Processing album: 2022-12 LCF DAY 3 Eliza Artists KONX-OM-PAX
2025-06-02 13:02:58,952 - INFO - Processing album: 2022-12 LCF DAY 3 Eliza Artists CAPIBARA+ VIDEOSOLID
2025-06-02 13:03:00,320 - INFO - Processing album: 2022-12 LCF DAY 3 Eliza Artists DI CIACCIO+SERAPIGLIA
2025-06-02 13:03:01,253 - INFO - Processing album: 2022-12 LCF DAY 2 Eliza DAY 2
2025-06-02 13:03:02,250 - INFO - Processing album: 2022-12 LCF DAY 2 _Selecta
2025-06-02 13:03:03,007 - INFO - Processing album: 2022-12 LCF SELEZIONI MADE IN ITALY Gianluca
2025-06-02 13:03:03,765 - INFO - Processing album: 2022-12 LCF DAY 2 Eliza DAY 2 Artists Myriam Bleau
2025-06-02 13:03:04,536 - INFO - Processing album: 2022-12 LCF DAY 2 Eliza DAY 2 Artists Nuno Mika
2025-06-02 13:03:05,824 - INFO - Processing album: 2022-12 LCF SELEZIONI MADE IN ITALY CLA
2025-06-02 13:03:07,357 - INFO - Processing album: 2022-12 LCF DAY 2 Eliza DAY 2 Artists NAH60
2025-06-02 13:03:54,107 - INFO - Processing album: 2022-12 LCF DAY 1 _Selecta
2025-06-02 13:03:54,858 - INFO - Processing album: 2022-12 LCF DAY 1 Eliza DAY1
2025-06-02 13:03:55,741 - INFO - Processing album: 2022-12 LCF DAY 1 Eliza DAY 1 Artists Bragaglia + Ticino
2025-06-02 13:03:56,621 - INFO - Processing album: 2022-12 LCF DAY 1 Eliza DAY 1 Artists XYZ+ MAKRO VJ+SIBLICITY
2025-06-02 13:03:58,188 - INFO - Processing album: 2022-12 LCF DAY 1 Eliza DAY 1 Artists MACK feat. LOTOTEK
2025-06-02 13:03:58,851 - INFO - Processing album: 2022-12 LCF DAY 1 Eliza DAY 1 Artists Lecture
2025-06-02 13:03:59,519 - INFO - Processing album: 2022-12 LCF Auditorium
2025-06-02 13:04:00,393 - INFO - Processing album: 2022-11 Fotonica DAY 4 Eliza
2025-06-02 13:04:01,084 - INFO - Processing album: 2022-11 Fotonica DAY4 Rob
2025-06-02 13:04:01,994 - INFO - Processing album: 2022-11 Fotonica SelectaDay4
2025-06-02 13:04:02,703 - INFO - Processing album: 2022-11 Fotonica Gianluca
2025-06-02 13:04:04,399 - INFO - Processing album: 2022-11 Fotonica DAY 4 Eliza Workshop kids
2025-06-02 13:04:05,049 - INFO - Processing album: 2022-11 Fotonica DAY 3 Rob
2025-06-02 13:04:05,920 - INFO - Processing album: 2022-11 Fotonica SelectionDay3
2025-06-02 13:04:06,631 - INFO - Processing album: 2022-11 Fotonica DAY 3 Eliza
2025-06-02 13:04:07,511 - INFO - Processing album: 2022-11 Fotonica WORKSHOP Video VIDEO
2025-06-02 13:04:08,141 - INFO - Processing album: 2022-11 Fotonica DAY 2 Eliza
2025-06-02 13:04:08,918 - INFO - Processing album: 2022-11 Fotonica RADIO CARGO
2025-06-02 13:04:09,597 - INFO - Processing album: 2022-11 Fotonica DAY 2 SelectionDay2
2025-06-02 13:04:10,358 - INFO - Processing album: 2022-11 Fotonica DAY 2 Rob
2025-06-02 13:04:11,066 - INFO - Processing album: 2022-11 Fotonica LORENZO MECOCCI
2025-06-02 13:04:11,824 - INFO - Processing album: 2022-11 Fotonica TZU
2025-06-02 13:04:12,512 - INFO - Processing album: 2022-11 Fotonica ARI DYKIER
2025-06-02 13:04:13,206 - INFO - Processing album: 2022-11 Fotonica INFRATONAL
2025-06-02 13:04:13,936 - INFO - Processing album: 2022-11 Fotonica DAY 2 Eliza Workshop kids
2025-06-02 13:04:14,704 - INFO - Processing album: 2022-11 Fotonica FORNIKOOLAS
2025-06-02 13:04:15,553 - INFO - Processing album: 2022-11 Fotonica DAY 1
2025-06-02 13:04:16,369 - INFO - Processing album: 2022-11 Fotonica ACHIEH AMEN
2025-06-02 13:04:50,894 - INFO - Processing album: 2022-11 Fotonica GROMOV
2025-06-02 13:04:51,580 - INFO - Processing album: 2022-11 Fotonica KRASIS
2025-06-02 13:04:52,248 - INFO - Processing album: 2022-12 LCF Gianluca Videos
2025-06-02 13:04:53,100 - INFO - Processing album: 2022-12 LCF SELEZIONI MADE IN ITALY Gianluca Videos
2025-06-02 13:04:53,798 - INFO - Processing album: 2022-12 LCF SELEZIONI MADE IN ITALY CLA Videos
2025-06-02 13:04:54,506 - INFO - Processing album: 2022-12 LCF SELEZIONI MADE IN ITALY Videos
2025-06-02 13:04:55,272 - INFO - Processing album: 2021-11 Fotonica DAY 4 Elizaveta
2025-06-02 13:04:57,051 - INFO - Processing album: 2021-11 Fotonica DAY 4 artists Elizaveta La roboterie
2025-06-02 13:04:57,759 - INFO - Processing album: 2021-11 Fotonica foto
2025-06-02 13:04:58,485 - INFO - Processing album: 2021-11 Fotonica DAY 4 Artists Cri La Roboterie
2025-06-02 13:04:59,237 - INFO - Processing album: 2021-11 Fotonica DAY 4 Cri
2025-06-02 13:05:01,456 - INFO - Processing album: 2021-11 Fotonica DAY 4 F 4
2025-06-02 13:05:02,171 - INFO - Processing album: 2021-11 Fotonica DAY 4 selecta 4
2025-06-02 13:05:02,849 - INFO - Processing album: 2021-11 Fotonica DAY 4 selecta day 4 night
2025-06-02 13:05:03,652 - INFO - Processing album: 2021-11 Fotonica Ph cristina LIZ
2025-06-02 13:05:04,470 - INFO - Processing album: 2021-11 Fotonica DAY 4 artists Elizaveta Fivequestionmarks x Produkkt
2025-06-02 13:05:05,245 - INFO - Processing album: 2021-11 Fotonica DAY 4 Artists Cri Fivequestionmarks 
2025-06-02 13:05:05,958 - INFO - Processing album: 2021-11 Fotonica DAY 4 F 4 ws
2025-06-02 13:05:06,807 - INFO - Processing album: 2021-11 Fotonica DAY 4 selecta day 4 ws
2025-06-02 13:05:07,523 - INFO - Processing album: 2021-11 Fotonica DAY 4 Elizaveta installazione
2025-06-02 13:05:08,208 - INFO - Processing album: 2021-11 Fotonica DAY 3 Artists Cri DAY 3 - Andrew Quinn + PixFoil
2025-06-02 13:05:09,030 - INFO - Processing album: 2021-11 Fotonica DAY 3 Cri
2025-06-02 13:05:10,962 - INFO - Processing album: 2021-11 Fotonica DAY 3 Artists Cri DAY 3 - F L V X X X
2025-06-02 13:05:11,671 - INFO - Processing album: 2021-11 Fotonica DAY 3 Artists Cri DAY 3 - Nicola formicola Live Visuals
2025-06-02 13:05:12,362 - INFO - Processing album: 2021-11 Fotonica DAY 3 F 3
2025-06-02 13:05:13,082 - INFO - Processing album: 2021-11 Fotonica DAY 3 selecta day 3
2025-06-02 13:05:13,776 - INFO - Processing album: 2021-11 Fotonica DAY 3 Elizaveta
2025-06-02 13:05:15,407 - INFO - Processing album: 2021-11 Fotonica DAY 3 Artists Elizaveta Nicola Formicola
2025-06-02 13:05:16,025 - INFO - Processing album: 2021-11 Fotonica DAY 3 Artists Elizaveta Fukinsei
2025-06-02 13:05:16,702 - INFO - Processing album: 2021-11 Fotonica DAY 3 Artists Cri DAY 3 - VSC
2025-06-02 13:05:17,450 - INFO - Processing album: 2021-11 Fotonica DAY 3 Artists Cri DAY 3 - Fukinsei
2025-06-02 13:05:18,140 - INFO - Processing album: 2021-11 Fotonica DAY 3 Artists Elizaveta Andrew Quinn
2025-06-02 13:05:18,822 - INFO - Processing album: 2021-11 Fotonica DAY 3 Artists Elizaveta PixFoil
2025-06-02 13:05:19,659 - INFO - Processing album: 2021-11 Fotonica Installation F2021 installation F
2025-06-02 13:05:20,417 - INFO - Processing album: 2021-11 Fotonica Installation F2021 installation-SOLARIS F
2025-06-02 13:05:21,194 - INFO - Processing album: 2021-11 Fotonica Installation _high
2025-06-02 13:05:22,021 - INFO - Processing album: 2021-11 Fotonica DAY 3 Artists Elizaveta Martin Messier
2025-06-02 13:05:22,774 - INFO - Processing album: 2021-11 Fotonica DAY 3 Artists Cri DAY 3 - Martin Messier
2025-06-02 13:05:24,042 - INFO - Processing album: 2021-11 Fotonica DAY 2 Artists Elizaveta Federico Nitti
2025-06-02 13:05:24,799 - INFO - Processing album: 2021-11 Fotonica DAY 2 Artists Elizaveta Ominostanco
2025-06-02 13:05:25,743 - INFO - Processing album: 2021-11 Fotonica DAY 2 Elizaveta
2025-06-02 13:05:27,406 - INFO - Processing album: 2021-11 Fotonica DAY 2 Artists Elizaveta P41
2025-06-02 13:05:28,038 - INFO - Processing album: 2021-11 Fotonica DAY 2 SELECTA DAY 2
2025-06-02 13:05:28,810 - INFO - Processing album: 2021-11 Fotonica DAY 2 Cristina
2025-06-02 13:05:29,563 - INFO - Processing album: 2021-11 Fotonica DAY 2 Cristina DAY 2 - CRI
2025-06-02 13:05:30,392 - INFO - Processing album: 2021-11 Fotonica DAY 2 Artists Cristina DAY 2 - Festina Lente
2025-06-02 13:05:31,138 - INFO - Processing album: 2021-11 Fotonica DAY 2 Artists Elizaveta Decomposer
2025-06-02 13:05:31,867 - INFO - Processing album: 2021-11 Fotonica DAY 2 Artists Cristina DAY 2 - Federico Nitti
2025-06-02 13:05:32,617 - INFO - Processing album: 2021-11 Fotonica DAY 2 Artists Elizaveta OKAPI
2025-06-02 13:05:33,324 - INFO - Processing album: 2021-11 Fotonica DAY 2 Artists Cristina DAY 2 - Decomposer
2025-06-02 13:05:34,051 - INFO - Processing album: 2021-11 Fotonica DAY 2 Artists Cristina DAY 2 - Okapi
2025-06-02 13:05:34,759 - INFO - Processing album: 2021-11 Fotonica DAY 2 Artists Elizaveta Lecture Photon Patchlab Mediaxion
2025-06-02 13:05:35,448 - INFO - Processing album: 2021-11 Fotonica DAY 2 Cristina AGGIUNTE!!!
2025-06-02 13:05:36,207 - INFO - Processing album: 2021-11 Fotonica DAY 2 Elizaveta _WORKSHOP FUSOLAB
2025-06-02 13:05:37,024 - INFO - Processing album: 2021-11 Fotonica DAY 2 Elizaveta _DAY2-ws-kids-compresss
2025-06-02 13:05:37,853 - INFO - Processing album: 2021-11 Fotonica DAY 2 _DAY2-ws-kids-compresss
2025-06-02 13:05:38,639 - INFO - Processing album: 2021-11 Fotonica DAY 1 Cristina 
2025-06-02 13:05:39,567 - INFO - Processing album: 2021-11 Fotonica DAY 1 selecta SelectaFotonica21 _ 19 nov
2025-06-02 13:05:40,381 - INFO - Processing album: 2021-11 Fotonica DAY 1 selecta day 1 selecta ok
2025-06-02 13:05:41,016 - INFO - Processing album: 2021-11 Fotonica DAY 1 Artists Cri DAY 1 - MarkT
2025-06-02 13:05:41,715 - INFO - Processing album: 2021-11 Fotonica DAY 1 Artists Cri DAY 2 - Michael Js
2025-06-02 13:05:42,445 - INFO - Processing album: 2021-11 Fotonica DAY 1 Elizaveta
2025-06-02 13:05:44,021 - INFO - Processing album: 2021-11 Fotonica DAY 1 Artists Elizaveta MarkT
2025-06-02 13:05:44,650 - INFO - Processing album: 2021-11 Fotonica DAY 1 Artists Elizaveta Laura Clare
2025-06-02 13:05:45,293 - INFO - Processing album: 2021-11 Fotonica DAY 1 Artists Cri DAY 1 - Laura Clare
2025-06-02 13:05:45,976 - INFO - Processing album: 2021-11 Fotonica DAY 1 Artists Elizaveta Michael Js
2025-06-02 13:05:46,731 - INFO - Processing album: 2021-11 Fotonica DAY 1 Artists Cri DAY 1 - Andrea Marinelli 
2025-06-02 13:05:47,450 - INFO - Processing album: 2025-05 Notte dei Musei Elizaveta
2025-06-02 13:05:48,220 - INFO - Skipping existing album: 2025-05 Notte dei Musei Elizaveta
2025-06-02 13:05:48,220 - INFO - Processing album: 2021-09 LCF Videos
2025-06-02 13:05:48,891 - INFO - Processing album: 2021-09 LCF DAY 4 liz raw
2025-06-02 13:05:51,470 - INFO - Processing album: 2021-09 LCF CRI ARTISTI 2021-09-26 SeeSaw_Overlap
2025-06-02 13:05:52,184 - INFO - Processing album: 2021-09 LCF DAY 4 cri
2025-06-02 13:05:53,144 - INFO - Processing album: 2021-09 LCF _Selecta day by day 4
2025-06-02 13:05:53,854 - INFO - Processing album: 2021-09 LCF _Selecta day by day 4 _4 compress
2025-06-02 13:05:54,626 - INFO - Processing album: 2021-09 LCF _Selecta
2025-06-02 13:05:55,305 - INFO - Processing album: 2021-09 LCF CRI ARTISTI 2021-09-26 Nausea Is A Noble Feeling_Camilla Pisani
2025-06-02 13:05:55,994 - INFO - Processing album: 2021-09 LCF _Selecta best
2025-06-02 13:05:56,743 - INFO - Processing album: 2021-11 Fotonica Day 4 Sara VIDEO
2025-06-02 13:05:57,387 - INFO - Processing album: 2021-09 LCF Day 4 Sara Videos
2025-06-02 13:05:58,086 - INFO - Processing album: 2021-11 Fotonica Day 4 Sara
2025-06-02 13:05:58,805 - INFO - Processing album: 2021-09 LCF Day 4 Sara
2025-06-02 13:05:59,445 - INFO - Processing album: 2021-09 LCF CRI ARTISTI 2021-09-26 Ignes Fatui_Imaginaria + Alessandro Adriani
2025-06-02 13:06:00,278 - INFO - Processing album: 2021-09 LCF CRI ARTISTI Megalopolis_Benjamin Bardou
2025-06-02 13:06:00,943 - INFO - Processing album: 2021-09 LCF DAY 3 liz raw
2025-06-02 13:06:04,349 - INFO - Processing album: 2021-09 LCF CRI ARTISTI 2021-09-23 Vector Field_Fraction
2025-06-02 13:06:05,008 - INFO - Processing album: 2021-09 LCF DAY 3 cri
2025-06-02 13:06:06,096 - INFO - Processing album: 2021-09 LCF _Selecta day by day 3
2025-06-02 13:06:06,805 - INFO - Processing album: 2021-09 LCF _Selecta day by day 3 _3 compress
2025-06-02 13:06:07,609 - INFO - Processing album: 2021-11 Fotonica Day 3 Sara 
2025-06-02 13:06:08,310 - INFO - Processing album: 2021-09 LCF Day 3 Sara Videos
2025-06-02 13:06:09,008 - INFO - Processing album: 2021-09 LCF Day 3 Sara
2025-06-02 13:06:09,687 - INFO - Processing album: 2021-09 LCF CRI ARTISTI 2021-09-23 Ascendente II_Lucas Gutierrez
2025-06-02 13:06:10,457 - INFO - Processing album: 2021-09 LCF DAY 3
2025-06-02 13:06:11,136 - INFO - Processing album: 2021-09 LCF CRI ARTISTI 2021-09-23 M.ELA_Q 2.0_Massimiliano Frateschi
2025-06-02 13:06:11,827 - INFO - Processing album: 2021-09 LCF DAY 2 liz raw
2025-06-02 13:06:13,494 - INFO - Processing album: 2021-09 LCF DAY 2 cri
2025-06-02 13:06:14,395 - INFO - Processing album: 2021-09 LCF CRI ARTISTI 2021-09-23 [ˈdaːzaɪn]_Sective
2025-06-02 13:06:15,108 - INFO - Processing album: 2021-09 LCF _Selecta day by day 2
2025-06-02 13:06:15,824 - INFO - Processing album: 2021-09 LCF _Selecta day by day 2 _2 compress
2025-06-02 13:06:16,520 - INFO - Processing album: 2021-11 Fotonica Day 2 Sara
2025-06-02 13:06:17,230 - INFO - Processing album: 2021-09 LCF Day 2 Sara Videos
2025-06-02 13:06:17,996 - INFO - Processing album: 2021-09 LCF Day 2 Sara
2025-06-02 13:06:18,667 - INFO - Processing album: 2021-09 LCF CRI ARTISTI 2021-09-23 Capillaries Capillaries + Singing Sand_Tadej Droljc
2025-06-02 13:06:19,325 - INFO - Processing album: 2021-09 LCF DAY 2
2025-06-02 13:06:20,511 - INFO - Processing album: 2021-09 LCF CRI ARTISTI 2021-09-23 PERPETUO_MIMESI-Filippo Gualazzi
2025-06-02 13:06:21,395 - INFO - Processing album: 2021-09 LCF DAY 1 liz raw
2025-06-02 13:06:23,138 - INFO - Processing album: 2021-11 Fotonica Day 1 Sara
2025-06-02 13:06:23,920 - INFO - Processing album: 2021-09 LCF Day 1 Sara Videos
2025-06-02 13:06:24,627 - INFO - Processing album: 2021-09 LCF CRI ARTISTI Latentscape_FranzRosati
2025-06-02 13:06:25,322 - INFO - Processing album: 2021-09 LCF DAY 1 cri
2025-06-02 13:06:26,052 - INFO - Processing album: 2021-09 LCF _Selecta day by day 1
2025-06-02 13:06:26,739 - INFO - Processing album: 2021-09 LCF _Selecta day by day 1 _1 compress
2025-06-02 13:06:27,406 - INFO - Processing album: 2021-09 LCF DAY 1
2025-06-02 13:06:28,128 - INFO - Processing album: 2021-09 LCF Day 1 Sara
2025-06-02 13:06:28,862 - INFO - Processing album: 2021-09 LCF CRI ARTISTI 2021-09-23 VR_Nivva
2025-06-02 13:06:29,598 - INFO - Processing album: 2021-09 LCF CRI ARTISTI 2021-09-23 Black Novels_NVS
2025-06-02 13:06:30,303 - INFO - Processing album: 2021-09 LCF CRI ARTISTI 2021-09-23 Okular_HermanKolgen
2025-06-02 13:06:30,971 - INFO - Processing album: 2021-09 LCF CRI ARTISTI 2021-09-23 In The Beginning There Was Light_Mia Makela
2025-06-02 13:06:31,685 - INFO - Processing album: _LCF _Video Officials
2025-06-02 13:06:32,399 - INFO - Processing album: 2024-12 Fotonica 21 Dicembre
2025-06-02 13:06:33,087 - INFO - Processing album: 2024-12 Fotonica _selecta
2025-06-02 13:06:33,798 - INFO - Processing album: 2024-12 Fotonica _selecta Outside
2025-06-02 13:06:34,552 - INFO - Processing album: 2024-12 Fotonica 20 Dicembre
2025-06-02 13:06:35,269 - INFO - Processing album: 2024-12 Fotonica LCF
2025-06-02 13:06:35,986 - INFO - Processing album: 2024-12 Fotonica Accademia
2025-06-02 13:06:36,639 - INFO - Processing album: 2024-12 Fotonica MONOCOLOR
2025-06-02 13:06:37,289 - INFO - Processing album: 2024-12 Fotonica Selecta 14 Dicembre
2025-06-02 13:06:37,933 - INFO - Processing album: 2024-12 Fotonica Ployz
2025-06-02 13:06:38,559 - INFO - Processing album: 2024-12 Fotonica Cristina e Damiano
2025-06-02 13:06:39,285 - INFO - Processing album: 2024-12 Fotonica NABA
2025-06-02 13:06:39,982 - INFO - Processing album: 2024-12 Fotonica Symposium+ WS Nuva
2025-06-02 13:06:40,893 - INFO - Processing album: 2024-12 Fotonica Selecta 13 dicembre
2025-06-02 13:06:41,515 - INFO - Processing album: 2024-12 Fotonica Lydia
2025-06-02 13:06:42,197 - INFO - Processing album: 2024-12 Fotonica cieloterra
2025-06-02 13:06:42,923 - INFO - Processing album: 2020-10 LCF Performances Videos
2025-06-02 13:06:43,615 - INFO - Processing album: 2020-10 LCF _Selecta liz 12 ott
2025-06-02 13:06:44,341 - INFO - Processing album: 2020-10 LCF gianluca _Selecta
2025-06-02 13:06:45,394 - INFO - Processing album: 2020-10 LCF 16 ott liz 16
2025-06-02 13:06:48,138 - INFO - Processing album: 2020-10 LCF _Selecta liz 16 ott
2025-06-02 13:06:49,006 - INFO - Processing album: 2020-10 LCF 16 Videos
2025-06-02 13:06:49,840 - INFO - Processing album: 2020-10 LCF 16 ott Anna
2025-06-02 13:06:52,282 - INFO - Processing album: 2020-10 LCF gianluca Videos
2025-06-02 13:06:52,945 - INFO - Processing album: 2020-10 LCF 16 ott Rob
2025-06-02 13:06:53,740 - INFO - Processing album: 2020-10 LCF 16 ott liz 16 edit
2025-06-02 13:06:54,835 - INFO - Processing album: 2020-10 LCF 15 ott liz 15
2025-06-02 13:06:57,521 - INFO - Processing album: 2020-10 LCF _Selecta liz 15 ott
2025-06-02 13:06:58,191 - INFO - Processing album: 2020-10 LCF 15 Videos
2025-06-02 13:06:58,934 - INFO - Processing album: 2020-10 LCF 15 ott Rob
2025-06-02 13:06:59,738 - INFO - Processing album: 2020-10 LCF 15 ott Anna
2025-06-02 13:07:01,852 - INFO - Processing album: 2020-10 LCF 15 ott liz 15 edit
2025-06-02 13:07:03,219 - INFO - Processing album: 2020-10 LCF _Selecta rob DAY #7
2025-06-02 13:07:03,947 - INFO - Processing album: 2020-10 LCF 14 ott 14
2025-06-02 13:07:04,733 - INFO - Processing album: 2020-10 LCF _Selecta liz 14 ott
2025-06-02 13:07:05,479 - INFO - Processing album: 2020-10 LCF 11-12-13-14 Videos
2025-06-02 13:07:06,155 - INFO - Processing album: 2020-10 LCF 14 ott Rob
2025-06-02 13:07:06,900 - INFO - Processing album: 2020-10 LCF 14 ott Anna
2025-06-02 13:07:07,707 - INFO - Processing album: 2020-10 LCF 14 ott liz 14
2025-06-02 13:07:08,446 - INFO - Processing album: 2020-10 LCF 13 ott liz 
2025-06-02 13:07:09,404 - INFO - Processing album: 2020-10 LCF 13 ott Rob
2025-06-02 13:07:10,077 - INFO - Processing album: 2020-10 LCF _Selecta liz 13 ott
2025-06-02 13:07:10,819 - INFO - Processing album: 2020-10 LCF 13 ott liz 13 edit
2025-06-02 13:07:11,751 - INFO - Processing album: 2020-10 LCF 13 ott Anna
2025-06-02 13:07:13,158 - INFO - Processing album: 2020-10 LCF 12 ott liz 12
2025-06-02 13:07:13,864 - INFO - Processing album: 2020-10 LCF 12 ott Anna
2025-06-02 13:07:14,951 - INFO - Processing album: 2020-10 LCF 12 ott liz 12 edit
2025-06-02 13:07:16,537 - INFO - Processing album: 2020-10 LCF 11 ott liz 11
2025-06-02 13:07:19,017 - INFO - Processing album: 2020-10 LCF _Selecta liz 11 ott
2025-06-02 13:07:19,817 - INFO - Processing album: 2020-10 LCF 11 ott liz 11 edit
2025-06-02 13:07:20,519 - INFO - Processing album: 2020-10 LCF _Selecta rob DAY #3 _Selecta
2025-06-02 13:07:21,197 - INFO - Processing album: 2020-10 LCF 11 ott Anna
2025-06-02 13:07:22,006 - INFO - Processing album: 2020-10 LCF 11 ott Rob
2025-06-02 13:07:22,813 - INFO - Processing album: 2020-10 LCF 10 ott liz tutto
2025-06-02 13:07:26,156 - INFO - Processing album: 2020-10 LCF _Selecta liz 10 ott
2025-06-02 13:07:26,972 - INFO - Processing album: 2020-10 LCF 10 ott liz 10 edit
2025-06-02 13:07:27,672 - INFO - Processing album: 2020-10 LCF 10 ott rob Rob
2025-06-02 13:07:28,716 - INFO - Processing album: 2020-10 LCF 10 ott anna Anna
2025-06-02 13:07:30,251 - INFO - Processing album: 2020-10 LCF 10 Videos
2025-06-02 13:07:30,907 - INFO - Processing album: 2020-10 LCF 09 otto 09 tutto liz
2025-06-02 13:07:37,905 - INFO - Processing album: 2020-10 LCF _Selecta liz 09 ott
2025-06-02 13:07:38,595 - INFO - Processing album: 2020-10 LCF 9 Videos
2025-06-02 13:07:39,250 - INFO - Processing album: 2020-10 LCF 09 otto 9 ott Rob
2025-06-02 13:07:40,012 - INFO - Processing album: 2020-10 LCF _Selecta rob DAY #1
2025-06-02 13:07:40,762 - INFO - Processing album: 2020-10 LCF 09 otto 09 liz
2025-06-02 13:07:42,152 - INFO - Processing album: 2020-10 LCF 09 otto 9 ott Anna
2025-06-02 13:07:43,882 - INFO - Processing album: 2024-04 ElectroKids Selecta
2025-06-02 13:07:44,540 - INFO - Processing album: 2024-04 ElectroKids Elizaveta 20-21 Aprile
2025-06-02 13:07:45,349 - INFO - Processing album: 2024-04 ElectroKids Elizaveta Scuole
2025-06-02 13:07:46,083 - INFO - Processing album: 2024-04 ElectroKids Elizaveta 13-14 aprile
2025-06-02 13:07:46,849 - INFO - Processing album: 2023-12 Fotonica Day 4
2025-06-02 13:07:48,093 - INFO - Processing album: 2023-12 Fotonica _Selecta Acquario
2025-06-02 13:07:48,789 - INFO - Processing album: 2023-12 Fotonica Day 3
2025-06-02 13:07:49,587 - INFO - Processing album: 2023-12 Fotonica Day 2
2025-06-02 13:08:17,812 - INFO - Processing album: 2023-12 Fotonica Workshop for kids
2025-06-02 13:09:01,908 - INFO - Processing album: 2023-12 Fotonica Day 1
2025-06-02 13:09:02,751 - INFO - Processing album: 2023-12 Fotonica Day 1 selected to post
2025-06-02 13:09:03,461 - INFO - Processing album: 2023-12 Fotonica Accademia
2025-06-02 13:09:04,186 - INFO - Processing album: 2019-12 Fotonica workshop logo
2025-06-02 13:09:04,983 - INFO - Processing album: 2019-12 Fotonica installations logo
2025-06-02 13:09:05,745 - INFO - Processing album: 2019-12 Fotonica Selecta best logo
2025-06-02 13:09:07,507 - INFO - Processing album: 2019-12 Fotonica av performance logo
2025-06-02 13:09:09,100 - INFO - Processing album: 2019-12 Fotonica av performances
2025-06-02 13:09:10,873 - INFO - Processing album: 2019-12 Fotonica sab 07-12 Selecta
2025-06-02 13:09:11,829 - INFO - Processing album: 2019-12 Fotonica sab 07-12 carlo
2025-06-02 13:09:12,570 - INFO - Processing album: 2019-12 Fotonica sab 07-12 Anna
2025-06-02 13:09:14,357 - INFO - Processing album: 2019-12 Fotonica dj vj logo
2025-06-02 13:09:15,115 - INFO - Processing album: 2019-12 Fotonica dj vj set
2025-06-02 13:09:15,990 - INFO - Processing album: 2019-12 Fotonica meeting
2025-06-02 13:09:16,624 - INFO - Processing album: 2019-12 Fotonica meeting logo
2025-06-02 13:09:17,375 - INFO - Processing album: 2019-12 Fotonica workshop kids
2025-06-02 13:09:18,317 - INFO - Processing album: 2019-12 Fotonica workshop kids logo
2025-06-02 13:09:19,984 - INFO - Processing album: 2019-12 Fotonica ven 06-12 Selecta
2025-06-02 13:09:20,756 - INFO - Processing album: 2019-12 Fotonica ven 06-12 Carlo
2025-06-02 13:09:21,532 - INFO - Processing album: 2019-12 Fotonica ven 06-12 Anna
2025-06-02 13:09:22,439 - INFO - Processing album: 2019-12 Fotonica gio 05-12 workshop
2025-06-02 13:09:23,700 - INFO - Processing album: 2019-12 Fotonica lun 02-12 liz raw
2025-06-02 13:09:24,354 - INFO - Processing album: 2019-12 Fotonica lun 02-12 Anna
2025-06-02 13:09:25,302 - INFO - Processing album: 2019-12 Fotonica lun 02-12 giorgio
2025-06-02 13:09:26,036 - INFO - Processing album: 2019-12 Fotonica dom 01-12 liz raw
2025-06-02 13:09:26,726 - INFO - Processing album: 2019-12 Fotonica dom 01-12 giorgio lab kids
2025-06-02 13:09:27,472 - INFO - Processing album: 2019-12 Fotonica dom 01-12 lab kids
2025-06-02 13:09:28,302 - INFO - Processing album: 2019-12 Fotonica dom 01-12 giorgio selecta
2025-06-02 13:09:28,949 - INFO - Processing album: 2019-12 Fotonica dom 01-12 liz
2025-06-02 13:09:29,749 - INFO - Processing album: 2019-12 Fotonica sab 30-11 liz raw
2025-06-02 13:09:33,231 - INFO - Processing album: 2019-12 Fotonica sab 30-11 giorgio selecta
2025-06-02 13:09:34,017 - INFO - Processing album: 2019-12 Fotonica sab 30-11 giorgio
2025-06-02 13:09:34,709 - INFO - Processing album: 2019-12 Fotonica sab 30-11 liz
2025-06-02 13:09:35,482 - INFO - Processing album: 2019-12 Fotonica sab 30-11 Anna
2025-06-02 13:09:37,273 - INFO - Processing album: 2019-12 Fotonica sab 30-11 Anna selecta
2025-06-02 13:09:38,883 - INFO - Processing album: 2019-12 Fotonica ven 29-11 Anna
2025-06-02 13:09:40,242 - INFO - Processing album: 2019-12 Fotonica ven 29-11 Anna selecta
2025-06-02 13:09:41,007 - INFO - Processing album: 2019-12 Fotonica ven 29-11 Selecta
2025-06-02 13:09:41,684 - INFO - Processing album: 2019-12 Fotonica ven 29-11 selecta (1)
2025-06-02 13:09:42,400 - INFO - Processing album: 2019-12 Fotonica ven 29-11 raw
2025-06-02 13:09:46,013 - INFO - Processing album: 2019-12 Fotonica ven 29-11 selecta liz
2025-06-02 13:09:46,830 - INFO - Processing album: 2019-09 LCF OFF Rob
2025-06-02 13:09:47,689 - INFO - Processing album: 2019-09 LCF LCF OFF _Selecta no logo
2025-06-02 13:09:49,101 - INFO - Processing album: 2019-09 LCF LCF OFF _compress
2025-06-02 13:09:51,649 - INFO - Processing album: 2019-09 LCF LCF OFF tutte
2025-06-02 13:09:52,849 - INFO - Processing album: 2019-09 LCF OFF
2025-06-02 13:09:53,893 - INFO - Processing album: 2019-09 LCF OFF logo 3000
2025-06-02 13:09:54,880 - INFO - Processing album: 2019-09 LCF OFF logo 4000
2025-06-02 13:09:55,640 - INFO - Processing album: 2019-09 LCF _Selecta by day logo 16.9 LCF off
2025-06-02 13:09:56,369 - INFO - Processing album: 2019-09 LCF OFF _Selecta
2025-06-02 13:09:58,085 - INFO - Processing album: 2019-09 LCF purform
2025-06-02 13:09:59,058 - INFO - Processing album: 2019-09 LCF 22.09 _eugenio
2025-06-02 13:10:00,990 - INFO - Processing album: 2019-09 LCF 22.09 dom eugenio
2025-06-02 13:10:02,484 - INFO - Processing album: 2019-09 LCF 22.09 liz _raw liz
2025-06-02 13:10:06,338 - INFO - Processing album: 2019-09 LCF _Selecta
2025-06-02 13:10:08,030 - INFO - Processing album: 2019-09 LCF _Selecta best
2025-06-02 13:10:11,262 - INFO - Processing album: 2019-09 LCF _Selecta best no logo
2025-06-02 13:10:12,864 - INFO - Processing album: 2019-09 LCF _Selecta by day DAY_4 logo
2025-06-02 13:10:13,562 - INFO - Processing album: 2019-09 LCF _Selecta by day logo 16.9 best
2025-06-02 13:10:15,488 - INFO - Processing album: 2019-09 LCF _Selecta by day logo 16.9 day 4 b
2025-06-02 13:10:17,100 - INFO - Processing album: 2019-09 LCF _Selecta by day no logo DAY_4 no logo
2025-06-02 13:10:20,056 - INFO - Processing album: 2019-09 LCF 30 09 eugenio
2025-06-02 13:10:22,539 - INFO - Processing album: 2019-09 LCF 22.09 Simona
2025-06-02 13:10:23,234 - INFO - Processing album: 2019-09 LCF 22.09 dom Simona
2025-06-02 13:10:24,020 - INFO - Processing album: 2019-09 LCF 21.09 liz _raw liz
2025-06-02 13:10:27,997 - INFO - Processing album: 2019-09 LCF _Selecta by day logo 16.9 day 3 b
2025-06-02 13:10:28,694 - INFO - Processing album: 2019-09 LCF _Selecta by day no logo DAY_3 _Selecta no logo
2025-06-02 13:10:29,653 - INFO - Processing album: 2019-09 LCF 21.09 19-09-22 ipologica @LCF cena
2025-06-02 13:10:30,515 - INFO - Processing album: 2019-09 LCF 21.09 Simona
2025-06-02 13:10:31,521 - INFO - Processing album: 2019-09 LCF 21.09 sab Simona
2025-06-02 13:10:32,264 - INFO - Processing album: 2019-09 LCF _Selecta by day DAY_3 logo
2025-06-02 13:10:33,069 - INFO - Processing album: 2019-09 LCF 21.09 sab Rob
2025-06-02 13:10:33,825 - INFO - Processing album: 2019-09 LCF 21.09 eugenio
2025-06-02 13:10:34,611 - INFO - Processing album: 2019-09 LCF 21.09 sab eugenio
2025-06-02 13:10:35,387 - INFO - Processing album: 2019-09 LCF 20.09 Simona Videos
2025-06-02 13:10:36,119 - INFO - Processing album: 2019-09 LCF 20.09 ven Simona Videos
2025-06-02 13:10:36,751 - INFO - Processing album: 2019-09 LCF 20.09 ven video verbo
2025-06-02 13:10:37,407 - INFO - Processing album: 2019-09 LCF _Selecta by day no logo DAY_2 _Selecta no logo
2025-06-02 13:10:38,656 - INFO - Processing album: 2019-09 LCF 20.09 Rob
2025-06-02 13:10:39,408 - INFO - Processing album: 2019-09 LCF 20.09 ven Rob
2025-06-02 13:10:40,426 - INFO - Skipping existing album: 2019-09 LCF _Selecta by day no logo DAY_2 _Selecta no logo
2025-06-02 13:10:40,427 - INFO - Processing album: 2019-09 LCF 20.09 LiZ
2025-06-02 13:10:43,361 - INFO - Processing album: 2019-09 LCF 20.09 ven LiZ
2025-06-02 13:10:44,050 - INFO - Processing album: 2019-09 LCF _Selecta by day DAY_2 logo
2025-06-02 13:10:44,730 - INFO - Processing album: 2019-09 LCF _Selecta by day logo 16.9 day 2 b
2025-06-02 13:10:45,452 - INFO - Processing album: 2019-09 LCF 20.09 eugenio
2025-06-02 13:10:46,146 - INFO - Processing album: 2019-09 LCF 20.09 ven eugenio
2025-06-02 13:10:46,886 - INFO - Processing album: 2019-09 LCF 20.09 ven eugenio _Selecta day 2
2025-06-02 13:10:47,642 - INFO - Processing album: 2019-09 LCF _Selecta by day logo 16.9 day 1 b
2025-06-02 13:10:48,786 - INFO - Processing album: 2019-09 LCF _Selecta by day no logo DAY_1 no logo
2025-06-02 13:10:49,603 - INFO - Processing album: 2019-09 LCF 20.09 _filewo
2025-06-02 13:10:50,294 - INFO - Processing album: 2019-09 LCF 20.09 ven
2025-06-02 13:10:50,972 - INFO - Processing album: 2019-09 LCF 19.09 liz _raw
2025-06-02 13:10:54,498 - INFO - Processing album: 2019-09 LCF 19.09 liz
2025-06-02 13:10:55,194 - INFO - Processing album: 2019-09 LCF 19.09 Rob
2025-06-02 13:10:55,915 - INFO - Processing album: 2019-09 LCF 19.09 gio Rob
2025-06-02 13:10:56,643 - INFO - Processing album: 2019-09 LCF Tundra @LCF
2025-06-02 13:10:57,417 - INFO - Processing album: 2019-09 LCF tundra con logo
2025-06-02 13:10:58,182 - INFO - Processing album: 2019-09 LCF tundra senza logo
2025-06-02 13:10:58,921 - INFO - Processing album: 2019-09 LCF _Selecta by day DAY_1 logo
2025-06-02 13:10:59,674 - INFO - Processing album: 2019-09 LCF 19.09 gio LiZ
2025-06-02 13:11:00,498 - INFO - Processing album: 2019-09 LCF 19.09 Eugenio Vasdeki
2025-06-02 13:11:01,780 - INFO - Processing album: 2019-09 LCF 19.09 gio Eugenio Vasdeki
2025-06-02 13:11:02,567 - INFO - Processing album: 2019-09 LCF 19.09 gio _Selecta 
2025-06-02 13:11:03,334 - INFO - Processing album: 2019-09 LCF 19.09 gio LCFday1
2025-06-02 13:11:03,987 - INFO - Processing album: 2019-09 LCF 19.09 simona
2025-06-02 13:11:04,941 - INFO - Processing album: 2019-09 LCF 18.09 liz _raw
2025-06-02 13:11:05,719 - INFO - Processing album: 2019-09 LCF 18.09 _Selecta logo talk
2025-06-02 13:11:21,036 - INFO - Processing album: 2019-09 LCF 18.09 eug
2025-06-02 13:11:21,709 - INFO - Processing album: 2019-09 LCF 18.09 merc
2025-06-02 13:11:22,471 - INFO - Processing album: 2019-09 LCF 18.09 merc LCF Foto conferenza
2025-06-02 13:11:23,168 - INFO - Processing album: 2019-09 LCF _Selecta by day logo 16.9 talk
2025-06-02 13:11:23,887 - INFO - Processing album: 2019-12 Fotonica Noto raw
2025-06-02 13:11:33,410 - INFO - Processing album: 2019-12 Fotonica Noto screening
